zn =   30.00000, ze =   29.00000
itr = 0
  l = 0
    n = 1, e =    -450.17372155 (   -900.34744309)
    n = 2, e =    -112.56467302 (   -225.12934604)
    n = 3, e =     -50.04447648 (   -100.08895295)
    n = 4, e =     -28.16241871 (    -56.32483741)
  l = 1
    n = 2, e =    -112.52138391 (   -225.04276782)
    n = 3, e =     -50.02530148 (   -100.05060295)
  l = 2
    n = 3, e =     -50.00757241 (   -100.01514481)
  cnv =   1.000000, mix =   0.100000
  integrated charge =   2.900000 out of  29.000000
itr = 1
  l = 0
    n = 1, e =    -444.04975296 (   -888.09950592)
    n = 2, e =    -106.23382126 (   -212.46764251)
    n = 3, e =     -45.58947121 (    -91.17894242)
    n = 4, e =     -24.94103600 (    -49.88207200)
  l = 1
    n = 2, e =    -105.72034284 (   -211.44068567)
    n = 3, e =     -45.33287887 (    -90.66575773)
  l = 2
    n = 3, e =     -44.85374789 (    -89.70749578)
  cnv =   0.900000, mix =   0.108696
  integrated charge =   5.736957 out of  29.000000
itr = 2
  l = 0
    n = 1, e =    -431.50427682 (   -863.00855364)
    n = 2, e =     -97.20791803 (   -194.41583606)
    n = 3, e =     -39.84996803 (    -79.69993605)
    n = 4, e =     -21.26969760 (    -42.53939519)
  l = 1
    n = 2, e =     -96.02445278 (   -192.04890556)
    n = 3, e =     -39.27269967 (    -78.54539934)
  l = 2
    n = 3, e =     -38.20428095 (    -76.40856191)
  cnv =   0.802174, mix =   0.118802
  integrated charge =   8.500645 out of  29.000000
itr = 3
  l = 0
    n = 1, e =    -418.99409533 (   -837.98819066)
    n = 2, e =     -88.41239813 (   -176.82479627)
    n = 3, e =     -34.35348976 (    -68.70697952)
    n = 4, e =     -17.83763439 (    -35.67526879)
  l = 1
    n = 2, e =     -86.59024253 (   -173.18048505)
    n = 3, e =     -33.49072422 (    -66.98144844)
  l = 2
    n = 3, e =     -31.88737182 (    -63.77474363)
  cnv =   0.706874, mix =   0.130634
  integrated charge =  11.178550 out of  29.000000
itr = 4
  l = 0
    n = 1, e =    -407.02962536 (   -814.05925071)
    n = 2, e =     -80.10312835 (   -160.20625671)
    n = 3, e =     -29.22511175 (    -58.45022349)
    n = 4, e =     -14.69978169 (    -29.39956337)
  l = 1
    n = 2, e =     -77.69370837 (   -155.38741673)
    n = 3, e =     -28.12286709 (    -56.24573417)
  l = 2
    n = 3, e =     -26.06103043 (    -52.12206087)
  cnv =   0.614533, mix =   0.144587
  integrated charge =  13.755296 out of  29.000000
itr = 5
  l = 0
    n = 1, e =    -395.87724133 (   -791.75448265)
    n = 2, e =     -72.42709397 (   -144.85418795)
    n = 3, e =     -24.52985447 (    -49.05970893)
    n = 4, e =     -11.88247115 (    -23.76494230)
  l = 1
    n = 2, e =     -69.49185121 (   -138.98370242)
    n = 3, e =     -23.23822609 (    -46.47645218)
  l = 2
    n = 3, e =     -20.80734854 (    -41.61469708)
  cnv =   0.525679, mix =   0.161149
  integrated charge =  16.211966 out of  29.000000
itr = 6
  l = 0
    n = 1, e =    -385.74048223 (   -771.48096446)
    n = 2, e =     -65.50607175 (   -131.01214351)
    n = 3, e =     -20.31508144 (    -40.63016288)
    n = 4, e =      -9.40168887 (    -18.80337773)
  l = 1
    n = 2, e =     -62.11286881 (   -124.22573762)
    n = 3, e =     -18.88476804 (    -37.76953608)
  l = 2
    n = 3, e =     -16.18264796 (    -32.36529592)
  cnv =   0.440967, mix =   0.180906
  integrated charge =  18.525398 out of  29.000000
itr = 7
  l = 0
    n = 1, e =    -376.79905203 (   -753.59810406)
    n = 2, e =     -59.45433835 (   -118.90867670)
    n = 3, e =     -16.62008920 (    -33.24017840)
    n = 4, e =      -7.26656826 (    -14.53313652)
  l = 1
    n = 2, e =     -55.67504883 (   -111.35009766)
    n = 3, e =     -15.09910529 (    -30.19821057)
  l = 2
    n = 3, e =     -12.22632712 (    -24.45265424)
  cnv =   0.361193, mix =   0.204518
  integrated charge =  20.667642 out of  29.000000
itr = 8
  l = 0
    n = 1, e =    -369.21231982 (   -738.42463965)
    n = 2, e =     -54.37808105 (   -108.75616211)
    n = 3, e =     -13.47809884 (    -26.95619768)
    n = 4, e =      -5.47931262 (    -10.95862524)
  l = 1
    n = 2, e =     -50.28614430 (   -100.57228860)
    n = 3, e =     -11.90806588 (    -23.81613177)
  l = 2
    n = 3, e =      -8.95963092 (    -17.91926184)
  cnv =   0.291430, mix =   0.230870
  integrated charge =  22.591335 out of  29.000000
itr = 9
  l = 0
    n = 1, e =    -363.14854327 (   -726.29708654)
    n = 2, e =     -50.39160621 (   -100.78321242)
    n = 3, e =     -10.93354538 (    -21.86709076)
    n = 4, e =      -4.04416567 (     -8.08833133)
  l = 1
    n = 2, e =     -46.06088359 (    -92.12176718)
    n = 3, e =      -9.34586717 (    -18.69173435)
  l = 2
    n = 3, e =      -6.39933856 (    -12.79867713)
  cnv =   0.255087, mix =   0.247482
  integrated charge =  24.177365 out of  29.000000
itr = 10
  l = 0
    n = 1, e =    -358.85888876 (   -717.71777753)
    n = 2, e =     -47.65331031 (    -95.30662062)
    n = 3, e =      -9.08574639 (    -18.17149278)
    n = 4, e =      -2.99361955 (     -5.98723911)
  l = 1
    n = 2, e =     -43.16007505 (    -86.32015010)
    n = 3, e =      -7.49810113 (    -14.99620226)
  l = 2
    n = 3, e =      -4.59684947 (     -9.19369894)
  cnv =   0.225223, mix =   0.263034
  integrated charge =  25.445884 out of  29.000000
itr = 11
  l = 0
    n = 1, e =    -355.99302923 (   -711.98605846)
    n = 2, e =     -45.90683328 (    -91.81366657)
    n = 3, e =      -7.80814181 (    -15.61628362)
    n = 4, e =      -2.24471712 (     -4.48943425)
  l = 1
    n = 2, e =     -41.30764382 (    -82.61528763)
    n = 3, e =      -6.22544817 (    -12.45089635)
  l = 2
    n = 3, e =      -3.37770589 (     -6.75541179)
  cnv =   0.191215, mix =   0.283308
  integrated charge =  26.452795 out of  29.000000
itr = 12
  l = 0
    n = 1, e =    -354.11726384 (   -708.23452768)
    n = 2, e =     -44.83754096 (    -89.67508191)
    n = 3, e =      -6.94146447 (    -13.88292895)
    n = 4, e =      -1.70901442 (     -3.41802885)
  l = 1
    n = 2, e =     -40.16954888 (    -80.33909776)
    n = 3, e =      -5.36273895 (    -10.72547791)
  l = 2
    n = 3, e =      -2.55878969 (     -5.11757938)
  cnv =   0.151486, mix =   0.311344
  integrated charge =  27.245851 out of  29.000000
itr = 13
  l = 0
    n = 1, e =    -352.88979464 (   -705.77958928)
    n = 2, e =     -44.19409227 (    -88.38818454)
    n = 3, e =      -6.35709229 (    -12.71418457)
    n = 4, e =      -1.32316364 (     -2.64632728)
  l = 1
    n = 2, e =     -39.48082799 (    -78.96165599)
    n = 3, e =      -4.78017032 (     -9.56034064)
  l = 2
    n = 3, e =      -2.00638607 (     -4.01277214)
  cnv =   0.110188, mix =   0.347041
  integrated charge =  27.854612 out of  29.000000
itr = 14
  l = 0
    n = 1, e =    -352.08018109 (   -704.16036217)
    n = 2, e =     -43.80349066 (    -87.60698132)
    n = 3, e =      -5.96508613 (    -11.93017226)
    n = 4, e =      -1.04824717 (     -2.09649434)
  l = 1
    n = 2, e =     -39.06003071 (    -78.12006143)
    n = 3, e =      -4.38848465 (     -8.77696929)
  l = 2
    n = 3, e =      -1.63380393 (     -3.26760786)
  cnv =   0.072685, mix =   0.387374
  integrated charge =  28.298306 out of  29.000000
itr = 15
  l = 0
    n = 1, e =    -351.54633102 (   -703.09266203)
    n = 2, e =     -43.55940368 (    -87.11880735)
    n = 3, e =      -5.70672517 (    -11.41345033)
    n = 4, e =      -0.86056047 (     -1.72112094)
  l = 1
    n = 2, e =     -38.79586686 (    -77.59173373)
    n = 3, e =      -4.12985588 (     -8.25971176)
  l = 2
    n = 3, e =      -1.38690322 (     -2.77380644)
  cnv =   0.043612, mix =   0.425731
  integrated charge =  28.597039 out of  29.000000
itr = 16
  l = 0
    n = 1, e =    -351.20771853 (   -702.41543707)
    n = 2, e =     -43.40720803 (    -86.81441607)
    n = 3, e =      -5.54551506 (    -11.09103012)
    n = 4, e =      -0.74748461 (     -1.49496922)
  l = 1
    n = 2, e =     -38.63088700 (    -77.26177400)
    n = 3, e =      -3.96829831 (     -7.93659663)
  l = 2
    n = 3, e =      -1.23230096 (     -2.46460192)
  cnv =   0.024267, mix =   0.455760
  integrated charge =  28.780693 out of  29.000000
itr = 17
  l = 0
    n = 1, e =    -351.01355981 (   -702.02711962)
    n = 2, e =     -43.32192000 (    -86.64384000)
    n = 3, e =      -5.45668624 (    -10.91337248)
    n = 4, e =      -0.69210190 (     -1.38420380)
  l = 1
    n = 2, e =     -38.53814027 (    -77.07628055)
    n = 3, e =      -3.87916991 (     -7.75833983)
  l = 2
    n = 3, e =      -1.14688705 (     -2.29377409)
  cnv =   0.012785, mix =   0.475674
  integrated charge =  28.885011 out of  29.000000
itr = 18
  l = 0
    n = 1, e =    -350.91461050 (   -701.82922101)
    n = 2, e =     -43.28110370 (    -86.56220740)
    n = 3, e =      -5.41494559 (    -10.82989117)
    n = 4, e =      -0.66836855 (     -1.33673709)
  l = 1
    n = 2, e =     -38.49334787 (    -76.98669575)
    n = 3, e =      -3.83719612 (     -7.67439224)
  l = 2
    n = 3, e =      -1.10657716 (     -2.21315432)
  cnv =   0.006456, mix =   0.487413
  integrated charge =  28.941058 out of  29.000000
itr = 19
  l = 0
    n = 1, e =    -350.86649007 (   -701.73298014)
    n = 2, e =     -43.26227084 (    -86.52454167)
    n = 3, e =      -5.39683538 (    -10.79367075)
    n = 4, e =      -0.65840861 (     -1.31681723)
  l = 1
    n = 2, e =     -38.47249454 (    -76.94498909)
    n = 3, e =      -3.81894323 (     -7.63788645)
  l = 2
    n = 3, e =      -1.08900176 (     -2.17800352)
  cnv =   0.003661, mix =   0.492783
  integrated charge =  28.970104 out of  29.000000
itr = 20
  l = 0
    n = 1, e =    -350.84377399 (   -701.68754798)
    n = 2, e =     -43.25367130 (    -86.50734260)
    n = 3, e =      -5.38926304 (    -10.77852608)
    n = 4, e =      -0.65416672 (     -1.30833343)
  l = 1
    n = 2, e =     -38.46291650 (    -76.92583299)
    n = 3, e =      -3.81129515 (     -7.62259031)
  l = 2
    n = 3, e =      -1.08160845 (     -2.16321691)
  cnv =   0.002140, mix =   0.495757
  integrated charge =  28.984925 out of  29.000000
itr = 21
  l = 0
    n = 1, e =    -350.83324080 (   -701.66648161)
    n = 2, e =     -43.24976222 (    -86.49952445)
    n = 3, e =      -5.38612303 (    -10.77224606)
    n = 4, e =      -0.65232516 (     -1.30465032)
  l = 1
    n = 2, e =     -38.45855221 (    -76.91710442)
    n = 3, e =      -3.80811797 (     -7.61623594)
  l = 2
    n = 3, e =      -1.07852044 (     -2.15704087)
  cnv =   0.001234, mix =   0.497544
  integrated charge =  28.992426 out of  29.000000
itr = 22
  l = 0
    n = 1, e =    -350.82843524 (   -701.65687048)
    n = 2, e =     -43.24800402 (    -86.49600804)
    n = 3, e =      -5.38482315 (    -10.76964631)
    n = 4, e =      -0.65149612 (     -1.30299225)
  l = 1
    n = 2, e =     -38.45658997 (    -76.91317995)
    n = 3, e =      -3.80680068 (     -7.61360136)
  l = 2
    n = 3, e =      -1.07723017 (     -2.15446033)
  cnv =   0.000698, mix =   0.498608
  integrated charge =  28.996202 out of  29.000000
itr = 23
  l = 0
    n = 1, e =    -350.82625778 (   -701.65251556)
    n = 2, e =     -43.24720866 (    -86.49441731)
    n = 3, e =      -5.38427616 (    -10.76855232)
    n = 4, e =      -0.65111877 (     -1.30223755)
  l = 1
    n = 2, e =     -38.45570599 (    -76.91141199)
    n = 3, e =      -3.80624604 (     -7.61249209)
  l = 2
    n = 3, e =      -1.07668261 (     -2.15336522)
  cnv =   0.000388, mix =   0.499225
  integrated charge =  28.998098 out of  29.000000
itr = 24
  l = 0
    n = 1, e =    -350.82529010 (   -701.65058020)
    n = 2, e =     -43.24685942 (    -86.49371884)
    n = 3, e =      -5.38404762 (    -10.76809524)
    n = 4, e =      -0.65094573 (     -1.30189146)
  l = 1
    n = 2, e =     -38.45531979 (    -76.91063959)
    n = 3, e =      -3.80601422 (     -7.61202844)
  l = 2
    n = 3, e =      -1.07645149 (     -2.15290298)
  cnv =   0.000212, mix =   0.499575
  integrated charge =  28.999048 out of  29.000000
itr = 25
  l = 0
    n = 1, e =    -350.82486141 (   -701.64972283)
    n = 2, e =     -43.24670541 (    -86.49341083)
    n = 3, e =      -5.38395024 (    -10.76790049)
    n = 4, e =      -0.65086545 (     -1.30173089)
  l = 1
    n = 2, e =     -38.45515088 (    -76.91030176)
    n = 3, e =      -3.80591552 (     -7.61183105)
  l = 2
    n = 3, e =      -1.07635215 (     -2.15270430)
  cnv =   0.000115, mix =   0.499770
  integrated charge =  28.999524 out of  29.000000
itr = 26
  l = 0
    n = 1, e =    -350.82467405 (   -701.64934809)
    n = 2, e =     -43.24663911 (    -86.49327821)
    n = 3, e =      -5.38390883 (    -10.76781765)
    n = 4, e =      -0.65082788 (     -1.30165577)
  l = 1
    n = 2, e =     -38.45507886 (    -76.91015771)
    n = 3, e =      -3.80587360 (     -7.61174720)
  l = 2
    n = 3, e =      -1.07630949 (     -2.15261898)
  cnv =   0.000062, mix =   0.499877
  integrated charge =  28.999762 out of  29.000000
itr = 27
  l = 0
    n = 1, e =    -350.82459231 (   -701.64918461)
    n = 2, e =     -43.24661052 (    -86.49322104)
    n = 3, e =      -5.38389086 (    -10.76778171)
    n = 4, e =      -0.65081013 (     -1.30162026)
  l = 1
    n = 2, e =     -38.45504820 (    -76.91009640)
    n = 3, e =      -3.80585546 (     -7.61171091)
  l = 2
    n = 3, e =      -1.07629084 (     -2.15258169)
  cnv =   0.000033, mix =   0.499934
  integrated charge =  28.999881 out of  29.000000
itr = 28
  l = 0
    n = 1, e =    -350.82455703 (   -701.64911405)
    n = 2, e =     -43.24659847 (    -86.49319694)
    n = 3, e =      -5.38388305 (    -10.76776609)
    n = 4, e =      -0.65080167 (     -1.30160334)
  l = 1
    n = 2, e =     -38.45503549 (    -76.91007097)
    n = 3, e =      -3.80584760 (     -7.61169520)
  l = 2
    n = 3, e =      -1.07628268 (     -2.15256537)
  cnv =   0.000017, mix =   0.499965
  integrated charge =  28.999940 out of  29.000000
itr = 29
  l = 0
    n = 1, e =    -350.82454183 (   -701.64908366)
    n = 2, e =     -43.24659341 (    -86.49318682)
    n = 3, e =      -5.38387959 (    -10.76775918)
    n = 4, e =      -0.65079761 (     -1.30159521)
  l = 1
    n = 2, e =     -38.45503025 (    -76.91006051)
    n = 3, e =      -3.80584414 (     -7.61168827)
  l = 2
    n = 3, e =      -1.07627906 (     -2.15255811)
  cnv =   0.000009, mix =   0.499982
  integrated charge =  28.999970 out of  29.000000

                   Orbital Summary
 nl    occ        E           KE       <1/r>     <r>
 1s   2.00    -350.8245    438.3409   29.6135   0.0509
 2s   2.00     -43.2466     84.2193    6.4990   0.2276
 2p   6.00     -38.4550     84.0282    6.4755   0.1972
 3s   2.00      -5.3839     18.8120    2.0780   0.6811
 3p   6.00      -3.8058     17.1014    1.9569   0.7022
 3d  10.00      -1.0763     12.3863    1.6139   0.8227
 4s   1.00      -0.6508      1.8459    0.5449   2.3916

     Energy Summary
 kinetic energy      =  1815.2308
 potential energy    = -3594.4587
 one-electron energy = -2494.5670
 two-electron energy =   715.3391

 total energy = -1779.2279
 virial ratio =    -1.9802
