zn =   30.00000, ze =   30.00000
itr = 0
  l = 0
    n = 1, e =    -450.17372155 (   -900.34744309)
    n = 2, e =    -112.56467302 (   -225.12934604)
    n = 3, e =     -50.04447648 (   -100.08895295)
    n = 4, e =     -28.16241871 (    -56.32483741)
  l = 1
    n = 2, e =    -112.52138391 (   -225.04276782)
    n = 3, e =     -50.02530148 (   -100.05060295)
  l = 2
    n = 3, e =     -50.00757241 (   -100.01514481)
  cnv =   1.000000, mix =   0.100000
  integrated charge =   3.000000 out of  30.000000
itr = 1
  l = 0
    n = 1, e =    -443.88782035 (   -887.77564069)
    n = 2, e =    -106.08628161 (   -212.17256323)
    n = 3, e =     -45.46805553 (    -90.93611106)
    n = 4, e =     -24.89343098 (    -49.78686197)
  l = 1
    n = 2, e =    -105.56957664 (   -211.13915327)
    n = 3, e =     -45.20753219 (    -90.41506438)
  l = 2
    n = 3, e =     -44.72110351 (    -89.44220703)
  cnv =   0.900000, mix =   0.108696
  integrated charge =   5.934783 out of  30.000000
itr = 2
  l = 0
    n = 1, e =    -431.18576388 (   -862.37152776)
    n = 2, e =     -96.91920842 (   -193.83841684)
    n = 3, e =     -39.60854841 (    -79.21709682)
    n = 4, e =     -21.13820678 (    -42.27641356)
  l = 1
    n = 2, e =     -95.72997534 (   -191.45995068)
    n = 3, e =     -39.02517502 (    -78.05035004)
  l = 2
    n = 3, e =     -37.94476574 (    -75.88953149)
  cnv =   0.802174, mix =   0.118802
  integrated charge =   8.793770 out of  30.000000
itr = 3
  l = 0
    n = 1, e =    -418.53683818 (   -837.07367635)
    n = 2, e =     -87.99745030 (   -175.99490060)
    n = 3, e =     -34.00399415 (    -68.00798830)
    n = 4, e =     -17.62804255 (    -35.25608511)
  l = 1
    n = 2, e =     -86.16770256 (   -172.33540511)
    n = 3, e =     -33.13395959 (    -66.26791917)
  l = 2
    n = 3, e =     -31.51537195 (    -63.03074390)
  cnv =   0.706874, mix =   0.130634
  integrated charge =  11.564018 out of  30.000000
itr = 4
  l = 0
    n = 1, e =    -406.45461898 (   -812.90923795)
    n = 2, e =     -79.57940249 (   -159.15880497)
    n = 3, e =     -28.78139747 (    -57.56279494)
    n = 4, e =     -14.42181911 (    -28.84363823)
  l = 1
    n = 2, e =     -77.16131061 (   -154.32262121)
    n = 3, e =     -27.67171300 (    -55.34342601)
  l = 2
    n = 3, e =     -25.59305332 (    -51.18610663)
  cnv =   0.614533, mix =   0.144587
  integrated charge =  14.229617 out of  30.000000
itr = 5
  l = 0
    n = 1, e =    -395.20847636 (   -790.41695271)
    n = 2, e =     -71.81463327 (   -143.62926654)
    n = 3, e =     -24.00729387 (    -48.01458773)
    n = 4, e =     -11.54788626 (    -23.09577252)
  l = 1
    n = 2, e =     -68.87039279 (   -137.74078557)
    n = 3, e =     -22.70904377 (    -45.41808755)
  l = 2
    n = 3, e =     -20.26176034 (    -40.52352068)
  cnv =   0.525679, mix =   0.161149
  integrated charge =  16.770999 out of  30.000000
itr = 6
  l = 0
    n = 1, e =    -385.00504077 (   -770.01008153)
    n = 2, e =     -64.82776690 (   -129.65553380)
    n = 3, e =     -19.73049515 (    -39.46099029)
    n = 4, e =      -9.02356783 (    -18.04713566)
  l = 1
    n = 2, e =     -61.42597406 (   -122.85194811)
    n = 3, e =     -18.29528745 (    -36.59057490)
  l = 2
    n = 3, e =     -15.57952208 (    -31.15904417)
  cnv =   0.440967, mix =   0.180906
  integrated charge =  19.164204 out of  30.000000
itr = 7
  l = 0
    n = 1, e =    -376.02706370 (   -752.05412740)
    n = 2, e =     -58.73613656 (   -117.47227312)
    n = 3, e =     -15.99176244 (    -31.98352488)
    n = 4, e =      -6.85876661 (    -13.71753321)
  l = 1
    n = 2, e =     -54.94933416 (   -109.89866832)
    n = 3, e =     -14.46829924 (    -28.93659848)
  l = 2
    n = 3, e =     -11.58712089 (    -23.17424177)
  cnv =   0.361193, mix =   0.204518
  integrated charge =  21.380319 out of  30.000000
itr = 8
  l = 0
    n = 1, e =    -368.43640420 (   -736.87280840)
    n = 2, e =     -53.64883010 (   -107.29766019)
    n = 3, e =     -12.82580309 (    -25.65160618)
    n = 4, e =      -5.05571031 (    -10.11142063)
  l = 1
    n = 2, e =     -49.55100075 (    -99.10200149)
    n = 3, e =     -11.25596703 (    -22.51193406)
  l = 2
    n = 3, e =      -8.30649730 (    -16.61299461)
  cnv =   0.293296, mix =   0.230077
  integrated charge =  23.363511 out of  30.000000
itr = 9
  l = 0
    n = 1, e =    -362.42262944 (   -724.84525889)
    n = 2, e =     -49.69538332 (    -99.39076664)
    n = 3, e =     -10.28711940 (    -20.57423880)
    n = 4, e =      -3.62239971 (     -7.24479942)
  l = 1
    n = 2, e =     -45.36151794 (    -90.72303587)
    n = 3, e =      -8.70193048 (    -17.40386097)
  l = 2
    n = 3, e =      -5.76236512 (    -11.52473023)
  cnv =   0.257645, mix =   0.246235
  integrated charge =  24.997648 out of  30.000000
itr = 10
  l = 0
    n = 1, e =    -358.20171199 (   -716.40342399)
    n = 2, e =     -47.01018058 (    -94.02036115)
    n = 3, e =      -8.46280590 (    -16.92561180)
    n = 4, e =      -2.58222009 (     -5.16444017)
  l = 1
    n = 2, e =     -42.51614569 (    -85.03229137)
    n = 3, e =      -6.87870655 (    -13.75741309)
  l = 2
    n = 3, e =      -3.99012798 (     -7.98025596)
  cnv =   0.227297, mix =   0.261891
  integrated charge =  26.307721 out of  30.000000
itr = 11
  l = 0
    n = 1, e =    -355.40098161 (   -710.80196321)
    n = 2, e =     -45.31981948 (    -90.63963897)
    n = 3, e =      -7.21669740 (    -14.43339481)
    n = 4, e =      -1.84597781 (     -3.69195562)
  l = 1
    n = 2, e =     -40.72119792 (    -81.44239583)
    n = 3, e =      -5.63744433 (    -11.27488865)
  l = 2
    n = 3, e =      -2.80467732 (     -5.60935464)
  cnv =   0.191981, mix =   0.282817
  integrated charge =  27.351962 out of  30.000000
itr = 12
  l = 0
    n = 1, e =    -353.57893516 (   -707.15787032)
    n = 2, e =     -44.30189515 (    -88.60379029)
    n = 3, e =      -6.38450708 (    -12.76901417)
    n = 4, e =      -1.32305447 (     -2.64610894)
  l = 1
    n = 2, e =     -39.63493748 (    -79.26987496)
    n = 3, e =      -4.80845405 (     -9.61690810)
  l = 2
    n = 3, e =      -2.01881686 (     -4.03763372)
  cnv =   0.150961, mix =   0.311751
  integrated charge =  28.177490 out of  30.000000
itr = 13
  l = 0
    n = 1, e =    -352.39225320 (   -704.78450639)
    n = 2, e =     -43.70109785 (    -87.40219569)
    n = 3, e =      -5.83455785 (    -11.66911571)
    n = 4, e =      -0.95018349 (     -1.90036697)
  l = 1
    n = 2, e =     -38.98870645 (    -77.97741290)
    n = 3, e =      -4.25938675 (     -8.51877351)
  l = 2
    n = 3, e =      -1.49761073 (     -2.99522146)
  cnv =   0.108422, mix =   0.348751
  integrated charge =  28.813092 out of  30.000000
itr = 14
  l = 0
    n = 1, e =    -351.60963499 (   -703.21926998)
    n = 2, e =     -43.34147711 (    -86.68295423)
    n = 3, e =      -5.47363129 (    -10.94726258)
    n = 4, e =      -0.68843115 (     -1.37686230)
  l = 1
    n = 2, e =     -38.59833279 (    -77.19666558)
    n = 3, e =      -3.89803224 (     -7.79606448)
  l = 2
    n = 3, e =      -1.15284818 (     -2.30569636)
  cnv =   0.070366, mix =   0.390179
  integrated charge =  29.276198 out of  30.000000
itr = 15
  l = 0
    n = 1, e =    -351.09416489 (   -702.18832978)
    n = 2, e =     -43.11905257 (    -86.23810513)
    n = 3, e =      -5.24238131 (    -10.48476263)
    n = 4, e =      -0.51398192 (     -1.02796385)
  l = 1
    n = 2, e =     -38.35522343 (    -76.71044686)
    n = 3, e =      -3.66603129 (     -7.33206258)
  l = 2
    n = 3, e =      -0.93056139 (     -1.86112278)
  cnv =   0.041546, mix =   0.428749
  integrated charge =  29.586528 out of  30.000000
itr = 16
  l = 0
    n = 1, e =    -350.77162755 (   -701.54325511)
    n = 2, e =     -42.98384814 (    -85.96769629)
    n = 3, e =      -5.10466854 (    -10.20933707)
    n = 4, e =      -0.41056905 (     -0.82113810)
  l = 1
    n = 2, e =     -38.20685479 (    -76.41370958)
    n = 3, e =      -3.52770279 (     -7.05540557)
  l = 2
    n = 3, e =      -0.79770229 (     -1.59540458)
  cnv =   0.022914, mix =   0.458019
  integrated charge =  29.775906 out of  30.000000
itr = 17
  l = 0
    n = 1, e =    -350.59327261 (   -701.18654521)
    n = 2, e =     -42.91339232 (    -85.82678464)
    n = 3, e =      -5.03575666 (    -10.07151332)
    n = 4, e =      -0.36000093 (     -0.72000186)
  l = 1
    n = 2, e =     -38.12882013 (    -76.25764027)
    n = 3, e =      -3.45836375 (     -6.91672750)
  l = 2
    n = 3, e =      -0.73094872 (     -1.46189745)
  cnv =   0.014864, mix =   0.471940
  integrated charge =  29.881665 out of  30.000000
itr = 18
  l = 0
    n = 1, e =    -350.50757553 (   -701.01515105)
    n = 2, e =     -42.88379733 (    -85.76759465)
    n = 3, e =      -5.00904807 (    -10.01809614)
    n = 4, e =      -0.33942980 (     -0.67885960)
  l = 1
    n = 2, e =     -38.09528879 (    -76.19057758)
    n = 3, e =      -3.43139801 (     -6.86279601)
  l = 2
    n = 3, e =      -0.70492699 (     -1.40985397)
  cnv =   0.010091, mix =   0.480601
  integrated charge =  29.938537 out of  30.000000
itr = 19
  l = 0
    n = 1, e =    -350.46729095 (   -700.93458190)
    n = 2, e =     -42.87141194 (    -85.74282388)
    n = 3, e =      -4.99981776 (     -9.99963553)
    n = 4, e =      -0.33155019 (     -0.66310038)
  l = 1
    n = 2, e =     -38.08094058 (    -76.16188116)
    n = 3, e =      -3.42205032 (     -6.84410063)
  l = 2
    n = 3, e =      -0.69593676 (     -1.39187353)
  cnv =   0.006421, mix =   0.487480
  integrated charge =  29.968499 out of  30.000000
itr = 20
  l = 0
    n = 1, e =    -350.44903908 (   -700.89807816)
    n = 2, e =     -42.86649859 (    -85.73299718)
    n = 3, e =      -4.99697373 (     -9.99394745)
    n = 4, e =      -0.32849531 (     -0.65699063)
  l = 1
    n = 2, e =     -38.07511003 (    -76.15022006)
    n = 3, e =      -3.41915929 (     -6.83831859)
  l = 2
    n = 3, e =      -0.69317765 (     -1.38635529)
  cnv =   0.003803, mix =   0.492509
  integrated charge =  29.984013 out of  30.000000
itr = 21
  l = 0
    n = 1, e =    -350.44088821 (   -700.88177641)
    n = 2, e =     -42.86452564 (    -85.72905128)
    n = 3, e =      -4.99612335 (     -9.99224670)
    n = 4, e =      -0.32733114 (     -0.65466229)
  l = 1
    n = 2, e =     -38.07273230 (    -76.14546459)
    n = 3, e =      -3.41829443 (     -6.83658887)
  l = 2
    n = 3, e =      -0.69237069 (     -1.38474139)
  cnv =   0.002148, mix =   0.495740
  integrated charge =  29.991939 out of  30.000000
itr = 22
  l = 0
    n = 1, e =    -350.43743621 (   -700.87487243)
    n = 2, e =     -42.86385164 (    -85.72770328)
    n = 3, e =      -4.99593414 (     -9.99186828)
    n = 4, e =      -0.32686515 (     -0.65373030)
  l = 1
    n = 2, e =     -38.07189194 (    -76.14378389)
    n = 3, e =      -3.41810172 (     -6.83620343)
  l = 2
    n = 3, e =      -0.69220050 (     -1.38440100)
  cnv =   0.001173, mix =   0.497664
  integrated charge =  29.995950 out of  30.000000
itr = 23
  l = 0
    n = 1, e =    -350.43594842 (   -700.87189684)
    n = 2, e =     -42.86360035 (    -85.72720070)
    n = 3, e =      -4.99588869 (     -9.99177738)
    n = 4, e =      -0.32666867 (     -0.65333734)
  l = 1
    n = 2, e =     -38.07157459 (    -76.14314917)
    n = 3, e =      -3.41805692 (     -6.83611383)
  l = 2
    n = 3, e =      -0.69216768 (     -1.38433536)
  cnv =   0.000630, mix =   0.498744
  integrated charge =  29.997970 out of  30.000000
itr = 24
  l = 0
    n = 1, e =    -350.43534077 (   -700.87068153)
    n = 2, e =     -42.86353538 (    -85.72707075)
    n = 3, e =      -4.99589126 (     -9.99178253)
    n = 4, e =      -0.32658419 (     -0.65316838)
  l = 1
    n = 2, e =     -38.07148537 (    -76.14297074)
    n = 3, e =      -3.41806067 (     -6.83612133)
  l = 2
    n = 3, e =      -0.69217693 (     -1.38435386)
  cnv =   0.000333, mix =   0.499335
  integrated charge =  29.998984 out of  30.000000
itr = 25
  l = 0
    n = 1, e =    -350.43508437 (   -700.87016875)
    n = 2, e =     -42.86351822 (    -85.72703645)
    n = 3, e =      -4.99589522 (     -9.99179043)
    n = 4, e =      -0.32654602 (     -0.65309205)
  l = 1
    n = 2, e =     -38.07145965 (    -76.14291931)
    n = 3, e =      -3.41806570 (     -6.83613141)
  l = 2
    n = 3, e =      -0.69218516 (     -1.38437033)
  cnv =   0.000175, mix =   0.499651
  integrated charge =  29.999492 out of  30.000000
itr = 26
  l = 0
    n = 1, e =    -350.43498178 (   -700.86996355)
    n = 2, e =     -42.86352069 (    -85.72704138)
    n = 3, e =      -4.99590000 (     -9.99180000)
    n = 4, e =      -0.32652864 (     -0.65305727)
  l = 1
    n = 2, e =     -38.07145948 (    -76.14291897)
    n = 3, e =      -3.41807120 (     -6.83614240)
  l = 2
    n = 3, e =      -0.69219227 (     -1.38438455)
  cnv =   0.000091, mix =   0.499818
  integrated charge =  29.999746 out of  30.000000
itr = 27
  l = 0
    n = 1, e =    -350.43493882 (   -700.86987765)
    n = 2, e =     -42.86352443 (    -85.72704885)
    n = 3, e =      -4.99590223 (     -9.99180446)
    n = 4, e =      -0.32652041 (     -0.65304082)
  l = 1
    n = 2, e =     -38.07146252 (    -76.14292504)
    n = 3, e =      -3.41807388 (     -6.83614776)
  l = 2
    n = 3, e =      -0.69219590 (     -1.38439180)
  cnv =   0.000047, mix =   0.499906
  integrated charge =  29.999873 out of  30.000000
itr = 28
  l = 0
    n = 1, e =    -350.43492189 (   -700.86984379)
    n = 2, e =     -42.86352826 (    -85.72705652)
    n = 3, e =      -4.99590370 (     -9.99180740)
    n = 4, e =      -0.32651653 (     -0.65303306)
  l = 1
    n = 2, e =     -38.07146627 (    -76.14293255)
    n = 3, e =      -3.41807561 (     -6.83615122)
  l = 2
    n = 3, e =      -0.69219812 (     -1.38439625)
  cnv =   0.000024, mix =   0.499951
  integrated charge =  29.999936 out of  30.000000
itr = 29
  l = 0
    n = 1, e =    -350.43491482 (   -700.86982964)
    n = 2, e =     -42.86353056 (    -85.72706112)
    n = 3, e =      -4.99590433 (     -9.99180867)
    n = 4, e =      -0.32651464 (     -0.65302928)
  l = 1
    n = 2, e =     -38.07146863 (    -76.14293727)
    n = 3, e =      -3.41807639 (     -6.83615279)
  l = 2
    n = 3, e =      -0.69219919 (     -1.38439838)
  cnv =   0.000013, mix =   0.499975
  integrated charge =  29.999968 out of  30.000000
itr = 30
  l = 0
    n = 1, e =    -350.43491208 (   -700.86982415)
    n = 2, e =     -42.86353205 (    -85.72706411)
    n = 3, e =      -4.99590470 (     -9.99180941)
    n = 4, e =      -0.32651373 (     -0.65302746)
  l = 1
    n = 2, e =     -38.07147020 (    -76.14294040)
    n = 3, e =      -3.41807684 (     -6.83615369)
  l = 2
    n = 3, e =      -0.69219979 (     -1.38439959)
  cnv =   0.000007, mix =   0.499987
  integrated charge =  29.999984 out of  30.000000

                   Orbital Summary
 nl    occ        E           KE       <1/r>     <r>
 1s   2.00    -350.4349    438.3372   29.6134   0.0509
 2s   2.00     -42.8635     84.2179    6.4990   0.2276
 2p   6.00     -38.0715     84.0250    6.4754   0.1972
 3s   2.00      -4.9959     18.8220    2.0784   0.6811
 3p   6.00      -3.4181     17.1057    1.9570   0.7023
 3d  10.00      -0.6922     12.3060    1.6068   0.8306
 4s   2.00      -0.3265      1.5551    0.5064   2.6030

     Energy Summary
 kinetic energy      =  1815.7087
 potential energy    = -3595.2649
 one-electron energy = -2506.0114
 two-electron energy =   726.4552

 total energy = -1779.5562
 virial ratio =    -1.9801
