STATUS:Searching for applets
EXCEPT:Traceback (most recent call last):
          File "/afs/crc.nd.edu/x86_64_linux/p4vasp/P4VASP/3.26/gcc-4.7.2/site-packages/p4vasp/applet/__init__.py", line 106, in findApplets
           o=getClass(c)
          File "/afs/crc.nd.edu/x86_64_linux/p4vasp/P4VASP/3.26/gcc-4.7.2/site-packages/p4vasp/applet/__init__.py", line 77, in getClass
           exec "import %s\nc=%s\n"%(join(v[:-1],"."),c)
          File "<string>", line 2, in <module>
        AttributeError: 'module' object has no attribute 'ToolboxApplet'
       
EXCEPT:Traceback (most recent call last):
          File "/afs/crc.nd.edu/x86_64_linux/p4vasp/P4VASP/3.26/gcc-4.7.2/site-packages/p4vasp/applet/__init__.py", line 106, in findApplets
           o=getClass(c)
          File "/afs/crc.nd.edu/x86_64_linux/p4vasp/P4VASP/3.26/gcc-4.7.2/site-packages/p4vasp/applet/__init__.py", line 77, in getClass
           exec "import %s\nc=%s\n"%(join(v[:-1],"."),c)
          File "<string>", line 1, in <module>
          File "/afs/crc.nd.edu/x86_64_linux/p4vasp/P4VASP/3.26/gcc-4.7.2/site-packages/p4vasp/applet/VACApplet.py", line 29, in <module>
           from numpy import transpose,zeros,ones,dot,array
        ImportError: No module named numpy
       
STATUS:Creating menu items
MSG   :Add menu Edit::New
MSG   :Add menu Structure::Window
MSG   :Add menu Structure::Control
MSG   :Add menu Electronic::DOS + bands
MSG   :Add menu Electronic::Local DOS+bands control
MSG   :Add menu Edit::Rotate atoms
MSG   :Add menu Database::Query
MSG   :Add menu Edit::Move atoms
MSG   :Add menu Convergence::Forces
MSG   :Add menu Electronic::STM Control
MSG   :Add menu Electronic::Dielectric function
MSG   :Add menu Edit::Info
MSG   :Add menu Database::Commit
MSG   :Add menu Convergence::Energy
MSG   :Add menu Structure::Show/hide atoms
MSG   :Add menu Structure::Measure
MSG   :Add menu Structure::Export
MSG   :Add menu Edit::Multiply cell
MSG   :Add menu Electronic::STM Window
MSG   :Add menu Electronic::Local potential
MSG   :Add menu Edit::Builder
MSG   :Add menu Structure::Show (old)
MSG   :Add menu Edit::Edit sub-Z-matrix
MSG   :Add menu Convergence::Selected forces
STATUS:Initializing toolbar buttons
STATUS:Initializing selection applet
STATUS:reading POSCAR
STATUS:loading setup
ERROR : Can not read setup.xml
STATUS:setup loaded
STATUS:reading vasprun.xml
STATUS:reading vasprun.xml OK
STATUS:OK
