STATUS:Searching for applets
EXCEPT:Traceback (most recent call last):
          File "/opt/crc/p4vasp/p4vasp-0.3.20/inst/site-packages/p4vasp/applet/__init__.py", line 105, in findApplets
           o=getClass(c)
          File "/opt/crc/p4vasp/p4vasp-0.3.20/inst/site-packages/p4vasp/applet/__init__.py", line 76, in getClass
           exec "import %s\nc=%s\n"%(join(v[:-1],"."),c)
          File "<string>", line 2, in ?
        AttributeError: 'module' object has no attribute 'ToolboxApplet'
       
STATUS:Creating menu items
MSG   :Add menu Edit::New
MSG   :Add menu Structure::Window
MSG   :Add menu Structure::Control
MSG   :Add menu Electronic::DOS + bands
MSG   :Add menu Electronic::Local DOS+bands control
MSG   :Add menu Electronic::Dielectric function
MSG   :Add menu Edit::Edit sub-Z-matrix
MSG   :Add menu Edit::Info
MSG   :Add menu Structure::Show (old)
MSG   :Add menu Database::Query
MSG   :Add menu Convergence::Selected forces
MSG   :Add menu Structure::Measure
MSG   :Add menu MD::VAC
MSG   :Add menu Edit::Move atoms
MSG   :Add menu Database::Commit
MSG   :Add menu Edit::Multiply cell
MSG   :Add menu Edit::Builder
MSG   :Add menu Electronic::STM Control
MSG   :Add menu Electronic::STM Window
MSG   :Add menu Convergence::Forces
MSG   :Add menu Convergence::Energy
MSG   :Add menu Structure::Show/hide atoms
MSG   :Add menu Electronic::Local potential
MSG   :Add menu Edit::Rotate atoms
STATUS:Initializing toolbar buttons
STATUS:Initializing selection applet
STATUS:loading setup
ERROR : Can not read setup.xml
STATUS:setup loaded
STATUS:reading vasprun.xml
ERROR : Error reading property INCAR
EXCEPT:Traceback (most recent call last):
          File "/opt/crc/p4vasp/p4vasp-0.3.20/inst/site-packages/p4vasp/Property.py", line 159, in get
           self.value=self.read()
          File "/opt/crc/p4vasp/p4vasp-0.3.20/inst/site-packages/p4vasp/Property.py", line 172, in read
           return apply(self.read_func,(self,))
          File "/opt/crc/p4vasp/p4vasp-0.3.20/inst/site-packages/p4vasp/SystemPM.py", line 427, in <lambda>
           read=lambda x:Incar(x.manager.DOM.getElementsByTagName("incar")[0]))
          File "/opt/crc/p4vasp/p4vasp-0.3.20/inst/site-packages/p4vasp/ODPdom.py", line 202, in __getitem__
           raise IndexError
        IndexError
       
ERROR : Error reading property NAME
EXCEPT:Traceback (most recent call last):
          File "/opt/crc/p4vasp/p4vasp-0.3.20/inst/site-packages/p4vasp/Property.py", line 159, in get
           self.value=self.read()
          File "/opt/crc/p4vasp/p4vasp-0.3.20/inst/site-packages/p4vasp/Property.py", line 172, in read
           return apply(self.read_func,(self,))
          File "/opt/crc/p4vasp/p4vasp-0.3.20/inst/site-packages/p4vasp/SystemPM.py", line 433, in <lambda>
           read=lambda x:x.manager.INCAR["SYSTEM"])
        TypeError: unsubscriptable object
       
STATUS:reading vasprun.xml OK
STATUS:OK
ERROR : Error reading property INITIAL_STRUCTURE
EXCEPT:Traceback (most recent call last):
          File "/opt/crc/p4vasp/p4vasp-0.3.20/inst/site-packages/p4vasp/Property.py", line 159, in get
           self.value=self.read()
          File "/opt/crc/p4vasp/p4vasp-0.3.20/inst/site-packages/p4vasp/Property.py", line 172, in read
           return apply(self.read_func,(self,))
          File "/opt/crc/p4vasp/p4vasp-0.3.20/inst/site-packages/p4vasp/SystemPM.py", line 1025, in <lambda>
           read=lambda x:Structure(x.manager.poscarpath))
          File "/opt/crc/p4vasp/p4vasp-0.3.20/inst/site-packages/p4vasp/Structure.py", line 655, in __init__
           self.read(elem)
          File "/opt/crc/p4vasp/p4vasp-0.3.20/inst/site-packages/p4vasp/Structure.py", line 716, in read
           raise ParseException('Error reading scaling factor(s). ("%s")' % s)
        ParseException: Error reading scaling factor(s). ("EXCEPT:Traceback (most recent call last):")
       
ERROR : Error reading property NAME
EXCEPT:Traceback (most recent call last):
          File "/opt/crc/p4vasp/p4vasp-0.3.20/inst/site-packages/p4vasp/Property.py", line 159, in get
           self.value=self.read()
          File "/opt/crc/p4vasp/p4vasp-0.3.20/inst/site-packages/p4vasp/Property.py", line 172, in read
           return apply(self.read_func,(self,))
          File "/opt/crc/p4vasp/p4vasp-0.3.20/inst/site-packages/p4vasp/SystemPM.py", line 1046, in getName
           return struct.comment
        AttributeError: 'NoneType' object has no attribute 'comment'
       
